rdoc
rdoc
/mnt/jxvs01/imaging_data/rdoc rdoc
                                    
++++++++++++++++++++++++++++++++++++
Finished processing without an error
/mnt/jxvs01/imaging_data/rdoc
++++++++++++++++++++++++++++++++++++
                                    
                                    
rtms
rtms
/mnt/jxvs01/imaging_data/rtms rtms
                                    
++++++++++++++++++++++++++++++++++++
Finished processing without an error
/mnt/jxvs01/imaging_data/rtms
++++++++++++++++++++++++++++++++++++
                                    
                                    
rdoc
rtms
rtms
/mnt/jxvs01/imaging_data/rtms rtms
                                    
++++++++++++++++++++++++++++++++++++
Finished processing without an error
/mnt/jxvs01/imaging_data/rtms
++++++++++++++++++++++++++++++++++++
                                    
                                    
rdoc
/mnt/jxvs01/imaging_data/rdoc rdoc
                                    
++++++++++++++++++++++++++++++++++++
Finished processing without an error
/mnt/jxvs01/imaging_data/rdoc
++++++++++++++++++++++++++++++++++++
                                    
                                    
RDOoC
Not a correct folder
basename: missing operand
Try 'basename --help' for more information.

RDoC
/mnt/jxvs01/imaging_data/rdoc
rdoc
tipp_submit_with_path_rtms.sh: line 49: 12769 Killed                  matlab -nodisplay -r "tipp_hcp('${sub_dir}','${qcplot_dir}'); quit" 2> "/mnt/hcp01/codes/outputs/tipp_outputs/${base}_Tipp_error.log" > "/mnt/hcp01/codes/outputs/tipp_outputs/${base}_Tipp_output.log"
basename: missing operand
Try 'basename --help' for more information.

tipp_submit_with_path_rtms.sh: line 55: [: =: unary operator expected
tipp_submit_with_path_rtms.sh: line 59: [: =: unary operator expected
tipp_submit_with_path_rtms.sh: line 63: [: =: unary operator expected
tipp_submit_with_path_rtms.sh: line 67: [: =: unary operator expected
tipp_submit_with_path_rtms.sh: line 71: [: =: unary operator expected
Not a correct folder
                                    
++++++++++++++++++++++++++++++++++++
Finished processing without an error

++++++++++++++++++++++++++++++++++++
                                    
                                    
rdoc
/mnt/jxvs01/imaging_data/rdoc rdoc
                                    
++++++++++++++++++++++++++++++++++++
Finished processing without an error
/mnt/jxvs01/imaging_data/rdoc
++++++++++++++++++++++++++++++++++++
                                    
                                    
