/mnt/jxvs02/conte_processed_data/connectivity_default
study3_SP33
/mnt/hcp01/old_data/scrubbed_datasets/study3_SP33
sending incremental file list

sent 14704 bytes  received 16 bytes  29440.00 bytes/sec
total size is 17171052968  speedup is 1166511.75
study3_SP35
/mnt/hcp01/old_data/scrubbed_datasets/study3_SP35
sending incremental file list

sent 32303 bytes  received 16 bytes  64638.00 bytes/sec
total size is 17989613904  speedup is 556626.56
study3_SP36
/mnt/hcp01/old_data/scrubbed_datasets/study3_SP36
sending incremental file list

sent 12719 bytes  received 15 bytes  25468.00 bytes/sec
total size is 15540984449  speedup is 1220432.26
study3_SP37
/mnt/hcp01/old_data/scrubbed_datasets/study3_SP37
sending incremental file list

sent 41276 bytes  received 16 bytes  82584.00 bytes/sec
total size is 16892887558  speedup is 409108.00
study3_SP38
/mnt/hcp01/old_data/scrubbed_datasets/study3_SP38
sending incremental file list

sent 5142 bytes  received 13 bytes  10310.00 bytes/sec
total size is 5700644135  speedup is 1105847.55
study3_SP39
/mnt/hcp01/old_data/scrubbed_datasets/study3_SP39
sending incremental file list

sent 31724 bytes  received 14 bytes  63476.00 bytes/sec
total size is 10974659005  speedup is 345789.24
study3_SP40
/mnt/hcp01/old_data/scrubbed_datasets/study3_SP40
sending incremental file list

sent 28952 bytes  received 16 bytes  57936.00 bytes/sec
total size is 13015091919  speedup is 449292.04
study3_SP41
/mnt/hcp01/old_data/scrubbed_datasets/study3_SP41
sending incremental file list

sent 31981 bytes  received 16 bytes  63994.00 bytes/sec
total size is 17994193698  speedup is 562371.28
study3_SP42
/mnt/hcp01/old_data/scrubbed_datasets/study3_SP42
sending incremental file list

sent 35464 bytes  received 16 bytes  70960.00 bytes/sec
total size is 18170618025  speedup is 512136.92
study3_SP43
/mnt/hcp01/old_data/scrubbed_datasets/study3_SP43
sending incremental file list

sent 39642 bytes  received 16 bytes  79316.00 bytes/sec
total size is 18336728004  speedup is 462371.48
study3_SP44
/mnt/hcp01/old_data/scrubbed_datasets/study3_SP44
sending incremental file list

sent 34148 bytes  received 16 bytes  68328.00 bytes/sec
total size is 18062603588  speedup is 528702.83
study3_SP45
/mnt/hcp01/old_data/scrubbed_datasets/study3_SP45
sending incremental file list

sent 42921 bytes  received 16 bytes  85874.00 bytes/sec
total size is 18432466961  speedup is 429290.98
study3_SP46
/mnt/hcp01/old_data/scrubbed_datasets/study3_SP46
sending incremental file list

sent 32373 bytes  received 16 bytes  64778.00 bytes/sec
total size is 18020942734  speedup is 556390.83
study3_SP47
/mnt/hcp01/old_data/scrubbed_datasets/study3_SP47
sending incremental file list

sent 36202 bytes  received 16 bytes  72436.00 bytes/sec
total size is 18145289853  speedup is 501001.98
study3_SP48
/mnt/hcp01/old_data/scrubbed_datasets/study3_SP48
sending incremental file list

sent 35788 bytes  received 16 bytes  71608.00 bytes/sec
total size is 18151140205  speedup is 506958.45
study3_SP49
/mnt/hcp01/old_data/scrubbed_datasets/study3_SP49
sending incremental file list

sent 27117 bytes  received 14 bytes  54262.00 bytes/sec
total size is 10777248011  speedup is 397230.03
study3_SP50
/mnt/hcp01/old_data/scrubbed_datasets/study3_SP50
sending incremental file list

sent 39902 bytes  received 16 bytes  79836.00 bytes/sec
total size is 15836600336  speedup is 396728.30
study3_SP51
/mnt/hcp01/old_data/scrubbed_datasets/study3_SP51
sending incremental file list

sent 26784 bytes  received 14 bytes  53596.00 bytes/sec
total size is 11272173076  speedup is 420634.86
study3_SP52
/mnt/hcp01/old_data/scrubbed_datasets/study3_SP52
sending incremental file list

sent 32616 bytes  received 16 bytes  65264.00 bytes/sec
total size is 18599726779  speedup is 569984.27
study3_SP53
/mnt/hcp01/old_data/scrubbed_datasets/study3_SP53
sending incremental file list

sent 12885 bytes  received 15 bytes  25800.00 bytes/sec
total size is 15540987438  speedup is 1204727.71
study3_SP54
/mnt/hcp01/old_data/scrubbed_datasets/study3_SP54
sending incremental file list

sent 38569 bytes  received 16 bytes  77170.00 bytes/sec
total size is 18247480433  speedup is 472916.43
study3_SP55
/mnt/hcp01/old_data/scrubbed_datasets/study3_SP55
sending incremental file list

sent 5953 bytes  received 13 bytes  11932.00 bytes/sec
total size is 8006437000  speedup is 1342010.90
study3_SP56
/mnt/hcp01/old_data/scrubbed_datasets/study3_SP56
sending incremental file list

sent 13842 bytes  received 15 bytes  27714.00 bytes/sec
total size is 14513135062  speedup is 1047350.44
study3_SP57
/mnt/hcp01/old_data/scrubbed_datasets/study3_SP57
sending incremental file list

sent 39538 bytes  received 16 bytes  79108.00 bytes/sec
total size is 18293069874  speedup is 462483.44
study3_SP58
/mnt/hcp01/old_data/scrubbed_datasets/study3_SP58
sending incremental file list

sent 35143 bytes  received 16 bytes  70318.00 bytes/sec
total size is 13762795382  speedup is 391444.45
study3_SP59
/mnt/hcp01/old_data/scrubbed_datasets/study3_SP59
sending incremental file list

sent 33535 bytes  received 16 bytes  67102.00 bytes/sec
total size is 18032184273  speedup is 537455.94
study3_SP60
/mnt/hcp01/old_data/scrubbed_datasets/study3_SP60
sending incremental file list

sent 6754 bytes  received 13 bytes  13534.00 bytes/sec
total size is 8006436232  speedup is 1183158.89
study3_SP61
/mnt/hcp01/old_data/scrubbed_datasets/study3_SP61
sending incremental file list

sent 26964 bytes  received 14 bytes  53956.00 bytes/sec
total size is 9090684958  speedup is 336966.60
study3_SP63
/mnt/hcp01/old_data/scrubbed_datasets/study3_SP63
sending incremental file list

sent 32916 bytes  received 16 bytes  65864.00 bytes/sec
total size is 17993307665  speedup is 546377.62
study4_SC11
/mnt/hcp01/old_data/scrubbed_datasets/study4_SC11
sending incremental file list

sent 30021 bytes  received 14 bytes  60070.00 bytes/sec
total size is 15636760726  speedup is 520617.97
study4_SC14
/mnt/hcp01/old_data/scrubbed_datasets/study4_SC14
sending incremental file list

sent 31759 bytes  received 14 bytes  63546.00 bytes/sec
total size is 10991409456  speedup is 345935.53
study4_SC15
/mnt/hcp01/old_data/scrubbed_datasets/study4_SC15
sending incremental file list

sent 28957 bytes  received 14 bytes  57942.00 bytes/sec
total size is 15605381690  speedup is 538655.27
study4_SC16
/mnt/hcp01/old_data/scrubbed_datasets/study4_SC16
sending incremental file list

sent 30460 bytes  received 14 bytes  60948.00 bytes/sec
total size is 15653780884  speedup is 513676.61
study4_SC17
/mnt/hcp01/old_data/scrubbed_datasets/study4_SC17
sending incremental file list

sent 29708 bytes  received 14 bytes  19814.67 bytes/sec
total size is 15622197853  speedup is 525610.59
study4_SC18
/mnt/hcp01/old_data/scrubbed_datasets/study4_SC18
sending incremental file list

sent 32839 bytes  received 14 bytes  65706.00 bytes/sec
total size is 17941233892  speedup is 546106.41
study4_SC19
/mnt/hcp01/old_data/scrubbed_datasets/study4_SC19
sending incremental file list

sent 37556 bytes  received 14 bytes  75140.00 bytes/sec
total size is 10149125140  speedup is 270139.08
study4_SC20
/mnt/hcp01/old_data/scrubbed_datasets/study4_SC20
sending incremental file list

sent 33065 bytes  received 14 bytes  66158.00 bytes/sec
total size is 17948527839  speedup is 542595.84
study4_SC21
/mnt/hcp01/old_data/scrubbed_datasets/study4_SC21
sending incremental file list

sent 30583 bytes  received 14 bytes  61194.00 bytes/sec
total size is 17841531400  speedup is 583113.75
study4_SC22
/mnt/hcp01/old_data/scrubbed_datasets/study4_SC22
sending incremental file list

sent 31991 bytes  received 14 bytes  64010.00 bytes/sec
total size is 17899868984  speedup is 559283.52
study4_SC23
/mnt/hcp01/old_data/scrubbed_datasets/study4_SC23
sending incremental file list

sent 32702 bytes  received 14 bytes  65432.00 bytes/sec
total size is 17881627097  speedup is 546571.31
study4_SC24
/mnt/hcp01/old_data/scrubbed_datasets/study4_SC24
sending incremental file list

sent 39931 bytes  received 14 bytes  79890.00 bytes/sec
total size is 18195080220  speedup is 455503.32
study4_SC25
/mnt/hcp01/old_data/scrubbed_datasets/study4_SC25
sending incremental file list

sent 30411 bytes  received 14 bytes  60850.00 bytes/sec
total size is 17836687373  speedup is 586251.02
study4_SC26
/mnt/hcp01/old_data/scrubbed_datasets/study4_SC26
sending incremental file list

sent 29893 bytes  received 14 bytes  59814.00 bytes/sec
total size is 17811201553  speedup is 595552.93
study4_SC28
/mnt/hcp01/old_data/scrubbed_datasets/study4_SC28
sending incremental file list

sent 38740 bytes  received 15 bytes  77510.00 bytes/sec
total size is 39195883180  speedup is 1011376.16
study4_SP12
/mnt/hcp01/old_data/scrubbed_datasets/study4_SP12
sending incremental file list

sent 31408 bytes  received 14 bytes  62844.00 bytes/sec
total size is 15000025858  speedup is 477373.36
study4_SP13
/mnt/hcp01/old_data/scrubbed_datasets/study4_SP13
sending incremental file list

sent 31859 bytes  received 14 bytes  63746.00 bytes/sec
total size is 17899964161  speedup is 561602.74
study4_SP14
/mnt/hcp01/old_data/scrubbed_datasets/study4_SP14
sending incremental file list

sent 25817 bytes  received 14 bytes  51662.00 bytes/sec
total size is 9638933630  speedup is 373153.72
study4_SP15
/mnt/hcp01/old_data/scrubbed_datasets/study4_SP15
sending incremental file list

sent 33964 bytes  received 14 bytes  67956.00 bytes/sec
total size is 9986482657  speedup is 293910.26
study4_SP16
/mnt/hcp01/old_data/scrubbed_datasets/study4_SP16
sending incremental file list

sent 39180 bytes  received 14 bytes  78388.00 bytes/sec
total size is 18218444406  speedup is 464827.38
study4_SP17
/mnt/hcp01/old_data/scrubbed_datasets/study4_SP17
sending incremental file list

sent 46201 bytes  received 15 bytes  92432.00 bytes/sec
total size is 35900741316  speedup is 776803.30
study4_SP18
/mnt/hcp01/old_data/scrubbed_datasets/study4_SP18
sending incremental file list

sent 30778 bytes  received 14 bytes  61584.00 bytes/sec
total size is 15668435290  speedup is 508847.60
study4_SP19
/mnt/hcp01/old_data/scrubbed_datasets/study4_SP19
sending incremental file list

sent 34284 bytes  received 14 bytes  68596.00 bytes/sec
total size is 15777727487  speedup is 460018.88
study4_SP20
/mnt/hcp01/old_data/scrubbed_datasets/study4_SP20
sending incremental file list

sent 31232 bytes  received 14 bytes  62492.00 bytes/sec
total size is 15687898899  speedup is 502077.03
study4_SP21
/mnt/hcp01/old_data/scrubbed_datasets/study4_SP21
sending incremental file list

sent 29496 bytes  received 14 bytes  59020.00 bytes/sec
total size is 12048414745  speedup is 408282.44
study4_SP22
/mnt/hcp01/old_data/scrubbed_datasets/study4_SP22
sending incremental file list

sent 25698 bytes  received 14 bytes  51424.00 bytes/sec
total size is 8740746546  speedup is 339948.14
study4_SP23
/mnt/hcp01/old_data/scrubbed_datasets/study4_SP23
sending incremental file list

sent 36548 bytes  received 14 bytes  73124.00 bytes/sec
total size is 16066903144  speedup is 439442.68
study4_SP24
/mnt/hcp01/old_data/scrubbed_datasets/study4_SP24
sending incremental file list

sent 34514 bytes  received 14 bytes  69056.00 bytes/sec
total size is 15834037449  speedup is 458585.42
study4_SP25
/mnt/hcp01/old_data/scrubbed_datasets/study4_SP25
sending incremental file list

sent 30022 bytes  received 14 bytes  60072.00 bytes/sec
total size is 15635634876  speedup is 520563.15
study4_SP26
/mnt/hcp01/old_data/scrubbed_datasets/study4_SP26
sending incremental file list

sent 25229 bytes  received 14 bytes  50486.00 bytes/sec
total size is 8704135397  speedup is 344813.83
study5_SC17
/mnt/hcp01/old_data/scrubbed_datasets/study5_SC17
sending incremental file list

sent 26751 bytes  received 14 bytes  53530.00 bytes/sec
total size is 10758966212  speedup is 401978.94
study5_SC18
/mnt/hcp01/old_data/scrubbed_datasets/study5_SC18
sending incremental file list

sent 26558 bytes  received 14 bytes  53144.00 bytes/sec
total size is 10751683817  speedup is 404624.56
study5_SC19
/mnt/hcp01/old_data/scrubbed_datasets/study5_SC19
sending incremental file list

sent 29309 bytes  received 14 bytes  58646.00 bytes/sec
total size is 10873218786  speedup is 370808.54
/mnt/jxvs02/conte_processed_data/connectivity_interleaved
study3_SP01
/mnt/hcp01/old_data/scrubbed_datasets/study3_SP01
sending incremental file list

sent 8104 bytes  received 13 bytes  16234.00 bytes/sec
total size is 10398372964  speedup is 1281061.10
study3_SP02
/mnt/hcp01/old_data/scrubbed_datasets/study3_SP02
sending incremental file list

sent 43954 bytes  received 16 bytes  87940.00 bytes/sec
total size is 18528746519  speedup is 421395.19
study3_SP03
/mnt/hcp01/old_data/scrubbed_datasets/study3_SP03
sending incremental file list

sent 6386 bytes  received 13 bytes  12798.00 bytes/sec
total size is 8325333115  speedup is 1301036.59
study3_SP04
/mnt/hcp01/old_data/scrubbed_datasets/study3_SP04
sending incremental file list

sent 12041 bytes  received 15 bytes  24112.00 bytes/sec
total size is 16112516891  speedup is 1336472.87
study3_SP05
/mnt/hcp01/old_data/scrubbed_datasets/study3_SP05
sending incremental file list

sent 38208 bytes  received 16 bytes  76448.00 bytes/sec
total size is 18299131822  speedup is 478734.09
study3_SP06
/mnt/hcp01/old_data/scrubbed_datasets/study3_SP06
sending incremental file list

sent 32755 bytes  received 16 bytes  65542.00 bytes/sec
total size is 17980924220  speedup is 548684.03
study3_SP07
/mnt/hcp01/old_data/scrubbed_datasets/study3_SP07
sending incremental file list

sent 36740 bytes  received 16 bytes  73512.00 bytes/sec
total size is 16256149652  speedup is 442272.00
study3_SP08
/mnt/hcp01/old_data/scrubbed_datasets/study3_SP08
sending incremental file list

sent 7463 bytes  received 13 bytes  14952.00 bytes/sec
total size is 8471242070  speedup is 1133124.94
study3_SP09
/mnt/hcp01/old_data/scrubbed_datasets/study3_SP09
sending incremental file list

sent 13886 bytes  received 15 bytes  27802.00 bytes/sec
total size is 15548192084  speedup is 1118494.50
study3_SP10
/mnt/hcp01/old_data/scrubbed_datasets/study3_SP10
sending incremental file list

sent 9368 bytes  received 13 bytes  18762.00 bytes/sec
total size is 8325327244  speedup is 887466.93
study3_SP11
/mnt/hcp01/old_data/scrubbed_datasets/study3_SP11
sending incremental file list

sent 13104 bytes  received 15 bytes  26238.00 bytes/sec
total size is 15540997377  speedup is 1184617.53
study3_SP12
/mnt/hcp01/old_data/scrubbed_datasets/study3_SP12
sending incremental file list

sent 35260 bytes  received 16 bytes  70552.00 bytes/sec
total size is 18109890380  speedup is 513377.09
study3_SP13
/mnt/hcp01/old_data/scrubbed_datasets/study3_SP13
sending incremental file list

sent 37881 bytes  received 16 bytes  75794.00 bytes/sec
total size is 18804621667  speedup is 496203.44
study3_SP14
/mnt/hcp01/old_data/scrubbed_datasets/study3_SP14
sending incremental file list

sent 38195 bytes  received 16 bytes  76422.00 bytes/sec
total size is 18289266475  speedup is 478638.78
study3_SP15
/mnt/hcp01/old_data/scrubbed_datasets/study3_SP15
sending incremental file list

sent 38858 bytes  received 16 bytes  77748.00 bytes/sec
total size is 18277848520  speedup is 470181.83
study3_SP16
/mnt/hcp01/old_data/scrubbed_datasets/study3_SP16
sending incremental file list

sent 36111 bytes  received 16 bytes  72254.00 bytes/sec
total size is 18614706523  speedup is 515257.47
study3_SP17
/mnt/hcp01/old_data/scrubbed_datasets/study3_SP17
sending incremental file list

sent 12640 bytes  received 15 bytes  25310.00 bytes/sec
total size is 13476288481  speedup is 1064898.34
study3_SP18
/mnt/hcp01/old_data/scrubbed_datasets/study3_SP18
sending incremental file list

sent 7443 bytes  received 13 bytes  14912.00 bytes/sec
total size is 8448937471  speedup is 1133172.94
study3_SP19
/mnt/hcp01/old_data/scrubbed_datasets/study3_SP19
sending incremental file list

sent 11475 bytes  received 15 bytes  22980.00 bytes/sec
total size is 13603827182  speedup is 1183971.03
study3_SP20
/mnt/hcp01/old_data/scrubbed_datasets/study3_SP20
sending incremental file list

sent 40825 bytes  received 16 bytes  81682.00 bytes/sec
total size is 18358541513  speedup is 449512.54
study3_SP21
/mnt/hcp01/old_data/scrubbed_datasets/study3_SP21
sending incremental file list

sent 13767 bytes  received 15 bytes  27564.00 bytes/sec
total size is 15540998291  speedup is 1127630.12
study3_SP22
/mnt/hcp01/old_data/scrubbed_datasets/study3_SP22
sending incremental file list

sent 31571 bytes  received 16 bytes  63174.00 bytes/sec
total size is 17956608116  speedup is 568480.96
study3_SP23
/mnt/hcp01/old_data/scrubbed_datasets/study3_SP23
sending incremental file list

sent 34233 bytes  received 16 bytes  68498.00 bytes/sec
total size is 15008362831  speedup is 438213.17
study3_SP24
/mnt/hcp01/old_data/scrubbed_datasets/study3_SP24
sending incremental file list

sent 39191 bytes  received 16 bytes  78414.00 bytes/sec
total size is 18284182835  speedup is 466349.96
study3_SP25
/mnt/hcp01/old_data/scrubbed_datasets/study3_SP25
sending incremental file list

sent 35641 bytes  received 16 bytes  71314.00 bytes/sec
total size is 18126792837  speedup is 508365.62
study3_SP26
/mnt/hcp01/old_data/scrubbed_datasets/study3_SP26
sending incremental file list

sent 35068 bytes  received 16 bytes  70168.00 bytes/sec
total size is 18662152393  speedup is 531927.73
study3_SP27
/mnt/hcp01/old_data/scrubbed_datasets/study3_SP27
sending incremental file list

sent 33321 bytes  received 16 bytes  66674.00 bytes/sec
total size is 18023375200  speedup is 540641.79
study3_SP28
/mnt/hcp01/old_data/scrubbed_datasets/study3_SP28
sending incremental file list

sent 31971 bytes  received 14 bytes  63970.00 bytes/sec
total size is 11137527667  speedup is 348210.96
study3_SP29
/mnt/hcp01/old_data/scrubbed_datasets/study3_SP29
sending incremental file list

sent 32631 bytes  received 16 bytes  65294.00 bytes/sec
total size is 18002964206  speedup is 551443.14
study3_SP30
/mnt/hcp01/old_data/scrubbed_datasets/study3_SP30
sending incremental file list

sent 36956 bytes  received 14 bytes  73940.00 bytes/sec
total size is 11197238336  speedup is 302873.64
study3_SP31
/mnt/hcp01/old_data/scrubbed_datasets/study3_SP31
sending incremental file list

sent 7421 bytes  received 13 bytes  14868.00 bytes/sec
total size is 8325326306  speedup is 1119898.62
study3_SP32
/mnt/hcp01/old_data/scrubbed_datasets/study3_SP32
sending incremental file list

sent 34163 bytes  received 16 bytes  68358.00 bytes/sec
total size is 18053779668  speedup is 528212.64
study4_SC01
/mnt/hcp01/old_data/scrubbed_datasets/study4_SC01
sending incremental file list

sent 31244 bytes  received 14 bytes  62516.00 bytes/sec
total size is 12112558012  speedup is 387502.66
study4_SC02
/mnt/hcp01/old_data/scrubbed_datasets/study4_SC02
sending incremental file list

sent 29239 bytes  received 14 bytes  58506.00 bytes/sec
total size is 12021562321  speedup is 410951.43
study4_SC03
/mnt/hcp01/old_data/scrubbed_datasets/study4_SC03
sending incremental file list

sent 33021 bytes  received 14 bytes  66070.00 bytes/sec
total size is 15830298355  speedup is 479197.77
study4_SC04
/mnt/hcp01/old_data/scrubbed_datasets/study4_SC04
sending incremental file list

sent 31676 bytes  received 14 bytes  63380.00 bytes/sec
total size is 14565146163  speedup is 459613.32
study4_SC05
/mnt/hcp01/old_data/scrubbed_datasets/study4_SC05
sending incremental file list

sent 33264 bytes  received 14 bytes  66556.00 bytes/sec
total size is 15754601526  speedup is 473423.93
study4_SC06
/mnt/hcp01/old_data/scrubbed_datasets/study4_SC06
sending incremental file list

sent 32386 bytes  received 14 bytes  64800.00 bytes/sec
total size is 15693924417  speedup is 484380.38
study4_SC07
/mnt/hcp01/old_data/scrubbed_datasets/study4_SC07
sending incremental file list

sent 38797 bytes  received 15 bytes  77624.00 bytes/sec
total size is 43691430845  speedup is 1125719.64
study4_SC08
/mnt/hcp01/old_data/scrubbed_datasets/study4_SC08
sending incremental file list

sent 36885 bytes  received 14 bytes  73798.00 bytes/sec
total size is 15901012233  speedup is 430933.42
study4_SC09
/mnt/hcp01/old_data/scrubbed_datasets/study4_SC09
sending incremental file list

sent 33577 bytes  received 14 bytes  67182.00 bytes/sec
total size is 15792546544  speedup is 470142.20
study4_SC10
/mnt/hcp01/old_data/scrubbed_datasets/study4_SC10
sending incremental file list

sent 38674 bytes  received 14 bytes  77376.00 bytes/sec
total size is 16650628895  speedup is 430382.26
study4_SC12
/mnt/hcp01/old_data/scrubbed_datasets/study4_SC12
sending incremental file list

sent 27101 bytes  received 14 bytes  54230.00 bytes/sec
total size is 8781815141  speedup is 323872.95
study4_SC13
/mnt/hcp01/old_data/scrubbed_datasets/study4_SC13
sending incremental file list

sent 29862 bytes  received 14 bytes  59752.00 bytes/sec
total size is 15634345864  speedup is 523307.87
study4_SP01
/mnt/hcp01/old_data/scrubbed_datasets/study4_SP01
sending incremental file list

sent 32936 bytes  received 14 bytes  65900.00 bytes/sec
total size is 15883310895  speedup is 482042.82
study4_SP02
/mnt/hcp01/old_data/scrubbed_datasets/study4_SP02
sending incremental file list

sent 8987 bytes  received 13 bytes  18000.00 bytes/sec
total size is 13749170736  speedup is 1527685.64
study4_SP03
/mnt/hcp01/old_data/scrubbed_datasets/study4_SP03
sending incremental file list

sent 31083 bytes  received 14 bytes  62194.00 bytes/sec
total size is 15638094967  speedup is 502881.15
study4_SP04
/mnt/hcp01/old_data/scrubbed_datasets/study4_SP04
sending incremental file list

sent 12390 bytes  received 13 bytes  24806.00 bytes/sec
total size is 13184869363  speedup is 1063038.73
study4_SP05
/mnt/hcp01/old_data/scrubbed_datasets/study4_SP05
sending incremental file list

sent 30406 bytes  received 14 bytes  60840.00 bytes/sec
total size is 15657451656  speedup is 514709.13
study4_SP06
/mnt/hcp01/old_data/scrubbed_datasets/study4_SP06
sending incremental file list

sent 6620 bytes  received 13 bytes  13266.00 bytes/sec
total size is 8325326160  speedup is 1255137.37
study4_SP07
/mnt/hcp01/old_data/scrubbed_datasets/study4_SP07
sending incremental file list

sent 28280 bytes  received 14 bytes  56588.00 bytes/sec
total size is 11976700490  speedup is 423294.71
study4_SP09
/mnt/hcp01/old_data/scrubbed_datasets/study4_SP09
sending incremental file list

sent 30125 bytes  received 14 bytes  60278.00 bytes/sec
total size is 14489700783  speedup is 480762.49
study4_SP11
/mnt/hcp01/old_data/scrubbed_datasets/study4_SP11
sending incremental file list

sent 29524 bytes  received 14 bytes  59076.00 bytes/sec
total size is 15617429093  speedup is 528723.31
study5_SC02
/mnt/hcp01/old_data/scrubbed_datasets/study5_SC02
sending incremental file list

sent 6314 bytes  received 13 bytes  12654.00 bytes/sec
total size is 8525216688  speedup is 1347434.28
study5_SC03
/mnt/hcp01/old_data/scrubbed_datasets/study5_SC03
sending incremental file list

sent 25199 bytes  received 14 bytes  50426.00 bytes/sec
total size is 10760171166  speedup is 426770.76
study5_SC04
/mnt/hcp01/old_data/scrubbed_datasets/study5_SC04
sending incremental file list

sent 35931 bytes  received 14 bytes  71890.00 bytes/sec
total size is 11708403291  speedup is 325731.07
study5_SC05
/mnt/hcp01/old_data/scrubbed_datasets/study5_SC05
sending incremental file list

sent 6694 bytes  received 13 bytes  13414.00 bytes/sec
total size is 8325328275  speedup is 1241289.44
study5_SC06
/mnt/hcp01/old_data/scrubbed_datasets/study5_SC06
sending incremental file list

sent 34830 bytes  received 14 bytes  69688.00 bytes/sec
total size is 11084252243  speedup is 318110.79
study5_SC07
/mnt/hcp01/old_data/scrubbed_datasets/study5_SC07
sending incremental file list

sent 26577 bytes  received 14 bytes  53182.00 bytes/sec
total size is 10785624380  speedup is 405611.84
study5_SC08
/mnt/hcp01/old_data/scrubbed_datasets/study5_SC08
sending incremental file list

sent 28354 bytes  received 14 bytes  56736.00 bytes/sec
total size is 10800285649  speedup is 380720.73
study5_SC09
/mnt/hcp01/old_data/scrubbed_datasets/study5_SC09
sending incremental file list

sent 25433 bytes  received 14 bytes  50894.00 bytes/sec
total size is 10737114440  speedup is 421940.29
study5_SC10
/mnt/hcp01/old_data/scrubbed_datasets/study5_SC10
sending incremental file list

sent 28105 bytes  received 14 bytes  56238.00 bytes/sec
total size is 10823084837  speedup is 384902.91
study5_SC11
/mnt/hcp01/old_data/scrubbed_datasets/study5_SC11
sending incremental file list

sent 25696 bytes  received 14 bytes  51420.00 bytes/sec
total size is 10740790463  speedup is 417767.03
study5_SC12
/mnt/hcp01/old_data/scrubbed_datasets/study5_SC12
sending incremental file list

sent 26862 bytes  received 14 bytes  53752.00 bytes/sec
total size is 10786923630  speedup is 401358.97
study5_SC13
/mnt/hcp01/old_data/scrubbed_datasets/study5_SC13
sending incremental file list

sent 26729 bytes  received 14 bytes  53486.00 bytes/sec
total size is 10780866909  speedup is 403128.55
study5_SC14
/mnt/hcp01/old_data/scrubbed_datasets/study5_SC14
sending incremental file list

sent 26091 bytes  received 14 bytes  52210.00 bytes/sec
total size is 10757780658  speedup is 412096.56
study5_SC15
/mnt/hcp01/old_data/scrubbed_datasets/study5_SC15
sending incremental file list

sent 26197 bytes  received 14 bytes  52422.00 bytes/sec
total size is 10761436939  speedup is 410569.49
study5_SC16
/mnt/hcp01/old_data/scrubbed_datasets/study5_SC16
sending incremental file list

sent 26456 bytes  received 14 bytes  52940.00 bytes/sec
total size is 10769923976  speedup is 406872.84
++++++++++++++++++++++++++++++++++++++++++++++++
                                                
./study3_SP01
./study3_SP01 missing
++++++++++++++++++++++++++++++
./study3_SP02
OK
++++++++++++++++++++++++++++++
./study3_SP03
OK
++++++++++++++++++++++++++++++
./study3_SP04
OK
++++++++++++++++++++++++++++++
./study3_SP05
OK
++++++++++++++++++++++++++++++
./study3_SP06
OK
++++++++++++++++++++++++++++++
./study3_SP07
OK
++++++++++++++++++++++++++++++
./study3_SP08
OK
++++++++++++++++++++++++++++++
./study3_SP09
OK
++++++++++++++++++++++++++++++
./study3_SP10
OK
++++++++++++++++++++++++++++++
./study3_SP11
OK
++++++++++++++++++++++++++++++
./study3_SP12
OK
++++++++++++++++++++++++++++++
./study3_SP13
OK
++++++++++++++++++++++++++++++
./study3_SP14
OK
++++++++++++++++++++++++++++++
./study3_SP15
OK
++++++++++++++++++++++++++++++
./study3_SP16
OK
++++++++++++++++++++++++++++++
./study3_SP17
OK
++++++++++++++++++++++++++++++
./study3_SP18
OK
++++++++++++++++++++++++++++++
./study3_SP19
OK
++++++++++++++++++++++++++++++
./study3_SP20
OK
++++++++++++++++++++++++++++++
./study3_SP21
OK
++++++++++++++++++++++++++++++
./study3_SP22
OK
++++++++++++++++++++++++++++++
./study3_SP23
OK
++++++++++++++++++++++++++++++
./study3_SP24
OK
++++++++++++++++++++++++++++++
./study3_SP25
OK
++++++++++++++++++++++++++++++
./study3_SP26
OK
++++++++++++++++++++++++++++++
./study3_SP27
OK
++++++++++++++++++++++++++++++
./study3_SP28
OK
++++++++++++++++++++++++++++++
./study3_SP29
OK
++++++++++++++++++++++++++++++
./study3_SP30
OK
++++++++++++++++++++++++++++++
./study3_SP31
OK
++++++++++++++++++++++++++++++
./study3_SP32
OK
++++++++++++++++++++++++++++++
./study3_SP33
./study3_SP33 missing
++++++++++++++++++++++++++++++
./study3_SP35
OK
++++++++++++++++++++++++++++++
./study3_SP36
OK
++++++++++++++++++++++++++++++
./study3_SP37
OK
++++++++++++++++++++++++++++++
./study3_SP38
OK
++++++++++++++++++++++++++++++
./study3_SP39
OK
++++++++++++++++++++++++++++++
./study3_SP40
OK
++++++++++++++++++++++++++++++
./study3_SP41
OK
++++++++++++++++++++++++++++++
./study3_SP42
OK
++++++++++++++++++++++++++++++
./study3_SP43
OK
++++++++++++++++++++++++++++++
./study3_SP44
OK
++++++++++++++++++++++++++++++
./study3_SP45
OK
++++++++++++++++++++++++++++++
./study3_SP46
OK
++++++++++++++++++++++++++++++
./study3_SP47
OK
++++++++++++++++++++++++++++++
./study3_SP48
OK
++++++++++++++++++++++++++++++
./study3_SP49
OK
++++++++++++++++++++++++++++++
./study3_SP50
OK
++++++++++++++++++++++++++++++
./study3_SP51
OK
++++++++++++++++++++++++++++++
./study3_SP52
OK
++++++++++++++++++++++++++++++
./study3_SP53
OK
++++++++++++++++++++++++++++++
./study3_SP54
OK
++++++++++++++++++++++++++++++
./study3_SP55
OK
++++++++++++++++++++++++++++++
./study3_SP56
OK
++++++++++++++++++++++++++++++
./study3_SP57
OK
++++++++++++++++++++++++++++++
./study3_SP58
OK
++++++++++++++++++++++++++++++
./study3_SP59
OK
++++++++++++++++++++++++++++++
./study3_SP60
OK
++++++++++++++++++++++++++++++
./study3_SP61
OK
++++++++++++++++++++++++++++++
./study3_SP63
OK
++++++++++++++++++++++++++++++
./study4_SC01
OK
++++++++++++++++++++++++++++++
./study4_SC02
OK
++++++++++++++++++++++++++++++
./study4_SC03
OK
++++++++++++++++++++++++++++++
./study4_SC04
OK
++++++++++++++++++++++++++++++
./study4_SC05
OK
++++++++++++++++++++++++++++++
./study4_SC06
OK
++++++++++++++++++++++++++++++
./study4_SC07
OK
++++++++++++++++++++++++++++++
./study4_SC08
OK
++++++++++++++++++++++++++++++
./study4_SC09
OK
++++++++++++++++++++++++++++++
./study4_SC10
OK
++++++++++++++++++++++++++++++
./study4_SC11
OK
++++++++++++++++++++++++++++++
./study4_SC12
OK
++++++++++++++++++++++++++++++
./study4_SC13
OK
++++++++++++++++++++++++++++++
./study4_SC14
OK
++++++++++++++++++++++++++++++
./study4_SC15
OK
++++++++++++++++++++++++++++++
./study4_SC16
OK
++++++++++++++++++++++++++++++
./study4_SC17
OK
++++++++++++++++++++++++++++++
./study4_SC18
OK
++++++++++++++++++++++++++++++
./study4_SC19
OK
++++++++++++++++++++++++++++++
./study4_SC20
OK
++++++++++++++++++++++++++++++
./study4_SC21
OK
++++++++++++++++++++++++++++++
./study4_SC22
OK
++++++++++++++++++++++++++++++
./study4_SC23
OK
++++++++++++++++++++++++++++++
./study4_SC24
OK
++++++++++++++++++++++++++++++
./study4_SC25
OK
++++++++++++++++++++++++++++++
./study4_SC26
OK
++++++++++++++++++++++++++++++
./study4_SC28
OK
++++++++++++++++++++++++++++++
./study4_SP01
OK
++++++++++++++++++++++++++++++
./study4_SP02
OK
++++++++++++++++++++++++++++++
./study4_SP03
OK
++++++++++++++++++++++++++++++
./study4_SP04
OK
++++++++++++++++++++++++++++++
./study4_SP05
OK
++++++++++++++++++++++++++++++
./study4_SP06
OK
++++++++++++++++++++++++++++++
./study4_SP07
OK
++++++++++++++++++++++++++++++
./study4_SP09
OK
++++++++++++++++++++++++++++++
./study4_SP11
OK
++++++++++++++++++++++++++++++
./study4_SP12
OK
++++++++++++++++++++++++++++++
./study4_SP13
OK
++++++++++++++++++++++++++++++
./study4_SP14
OK
++++++++++++++++++++++++++++++
./study4_SP15
OK
++++++++++++++++++++++++++++++
./study4_SP16
OK
++++++++++++++++++++++++++++++
./study4_SP17
OK
++++++++++++++++++++++++++++++
./study4_SP18
OK
++++++++++++++++++++++++++++++
./study4_SP19
OK
++++++++++++++++++++++++++++++
./study4_SP20
OK
++++++++++++++++++++++++++++++
./study4_SP21
OK
++++++++++++++++++++++++++++++
./study4_SP22
OK
++++++++++++++++++++++++++++++
./study4_SP23
OK
++++++++++++++++++++++++++++++
./study4_SP24
OK
++++++++++++++++++++++++++++++
./study4_SP25
OK
++++++++++++++++++++++++++++++
./study4_SP26
OK
++++++++++++++++++++++++++++++
./study5_SC02
OK
++++++++++++++++++++++++++++++
./study5_SC03
OK
++++++++++++++++++++++++++++++
./study5_SC04
OK
++++++++++++++++++++++++++++++
./study5_SC05
OK
++++++++++++++++++++++++++++++
./study5_SC06
OK
++++++++++++++++++++++++++++++
./study5_SC07
OK
++++++++++++++++++++++++++++++
./study5_SC08
OK
++++++++++++++++++++++++++++++
./study5_SC09
OK
++++++++++++++++++++++++++++++
./study5_SC10
OK
++++++++++++++++++++++++++++++
./study5_SC11
OK
++++++++++++++++++++++++++++++
./study5_SC12
OK
++++++++++++++++++++++++++++++
./study5_SC13
OK
++++++++++++++++++++++++++++++
./study5_SC14
OK
++++++++++++++++++++++++++++++
./study5_SC15
OK
++++++++++++++++++++++++++++++
./study5_SC16
./study5_SC16 missing
++++++++++++++++++++++++++++++
./study5_SC17
OK
++++++++++++++++++++++++++++++
./study5_SC18
OK
++++++++++++++++++++++++++++++
./study5_SC19
./study5_SC19 missing
++++++++++++++++++++++++++++++
