/mnt/jxvs02/conte_processed_data/connectivity_default
study3_SP33
/mnt/hcp01/old_data/scrubbed_datasets/study3_SP33
sending incremental file list

sent 14704 bytes  received 16 bytes  29440.00 bytes/sec
total size is 17171052968  speedup is 1166511.75
study3_SP35
/mnt/hcp01/old_data/scrubbed_datasets/study3_SP35
sending incremental file list

sent 32303 bytes  received 16 bytes  21546.00 bytes/sec
total size is 17989613904  speedup is 556626.56
study3_SP36
/mnt/hcp01/old_data/scrubbed_datasets/study3_SP36
sending incremental file list

sent 12719 bytes  received 15 bytes  25468.00 bytes/sec
total size is 15540984449  speedup is 1220432.26
study3_SP37
/mnt/hcp01/old_data/scrubbed_datasets/study3_SP37
sending incremental file list

sent 41276 bytes  received 16 bytes  27528.00 bytes/sec
total size is 16892887558  speedup is 409108.00
study3_SP38
/mnt/hcp01/old_data/scrubbed_datasets/study3_SP38
sending incremental file list

sent 5142 bytes  received 13 bytes  10310.00 bytes/sec
total size is 5700644135  speedup is 1105847.55
study3_SP39
/mnt/hcp01/old_data/scrubbed_datasets/study3_SP39
sending incremental file list

sent 31724 bytes  received 14 bytes  21158.67 bytes/sec
total size is 10974659005  speedup is 345789.24
study3_SP40
/mnt/hcp01/old_data/scrubbed_datasets/study3_SP40
sending incremental file list

sent 28952 bytes  received 16 bytes  57936.00 bytes/sec
total size is 13015091919  speedup is 449292.04
study3_SP41
/mnt/hcp01/old_data/scrubbed_datasets/study3_SP41
sending incremental file list

sent 31981 bytes  received 16 bytes  21331.33 bytes/sec
total size is 17994193698  speedup is 562371.28
study3_SP42
/mnt/hcp01/old_data/scrubbed_datasets/study3_SP42
sending incremental file list

sent 35464 bytes  received 16 bytes  70960.00 bytes/sec
total size is 18170618025  speedup is 512136.92
study3_SP43
/mnt/hcp01/old_data/scrubbed_datasets/study3_SP43
sending incremental file list

sent 39642 bytes  received 16 bytes  26438.67 bytes/sec
total size is 18336728004  speedup is 462371.48
study3_SP44
/mnt/hcp01/old_data/scrubbed_datasets/study3_SP44
sending incremental file list

sent 34148 bytes  received 16 bytes  22776.00 bytes/sec
total size is 18062603588  speedup is 528702.83
study3_SP45
/mnt/hcp01/old_data/scrubbed_datasets/study3_SP45
sending incremental file list

sent 42921 bytes  received 16 bytes  85874.00 bytes/sec
total size is 18432466961  speedup is 429290.98
study3_SP46
/mnt/hcp01/old_data/scrubbed_datasets/study3_SP46
sending incremental file list

sent 32373 bytes  received 16 bytes  64778.00 bytes/sec
total size is 18020942734  speedup is 556390.83
study3_SP47
/mnt/hcp01/old_data/scrubbed_datasets/study3_SP47
sending incremental file list

sent 36202 bytes  received 16 bytes  24145.33 bytes/sec
total size is 18145289853  speedup is 501001.98
study3_SP48
/mnt/hcp01/old_data/scrubbed_datasets/study3_SP48
sending incremental file list

sent 35788 bytes  received 16 bytes  23869.33 bytes/sec
total size is 18151140205  speedup is 506958.45
study3_SP49
/mnt/hcp01/old_data/scrubbed_datasets/study3_SP49
sending incremental file list

sent 27117 bytes  received 14 bytes  18087.33 bytes/sec
total size is 10777248011  speedup is 397230.03
study3_SP50
/mnt/hcp01/old_data/scrubbed_datasets/study3_SP50
sending incremental file list

sent 39902 bytes  received 16 bytes  79836.00 bytes/sec
total size is 15836600336  speedup is 396728.30
study3_SP51
/mnt/hcp01/old_data/scrubbed_datasets/study3_SP51
sending incremental file list

sent 26784 bytes  received 14 bytes  17865.33 bytes/sec
total size is 11272173076  speedup is 420634.86
study3_SP52
/mnt/hcp01/old_data/scrubbed_datasets/study3_SP52
sending incremental file list

sent 32616 bytes  received 16 bytes  65264.00 bytes/sec
total size is 18599726779  speedup is 569984.27
study3_SP53
/mnt/hcp01/old_data/scrubbed_datasets/study3_SP53
sending incremental file list

sent 12885 bytes  received 15 bytes  25800.00 bytes/sec
total size is 15540987438  speedup is 1204727.71
study3_SP54
/mnt/hcp01/old_data/scrubbed_datasets/study3_SP54
sending incremental file list

sent 38569 bytes  received 16 bytes  25723.33 bytes/sec
total size is 18247480433  speedup is 472916.43
study3_SP55
/mnt/hcp01/old_data/scrubbed_datasets/study3_SP55
sending incremental file list

sent 5953 bytes  received 13 bytes  11932.00 bytes/sec
total size is 8006437000  speedup is 1342010.90
study3_SP56
/mnt/hcp01/old_data/scrubbed_datasets/study3_SP56
sending incremental file list

sent 13842 bytes  received 15 bytes  27714.00 bytes/sec
total size is 14513135062  speedup is 1047350.44
study3_SP57
/mnt/hcp01/old_data/scrubbed_datasets/study3_SP57
sending incremental file list

sent 39538 bytes  received 16 bytes  15821.60 bytes/sec
total size is 18293069874  speedup is 462483.44
study3_SP58
/mnt/hcp01/old_data/scrubbed_datasets/study3_SP58
sending incremental file list

sent 35143 bytes  received 16 bytes  70318.00 bytes/sec
total size is 13762795382  speedup is 391444.45
study3_SP59
/mnt/hcp01/old_data/scrubbed_datasets/study3_SP59
sending incremental file list

sent 33535 bytes  received 16 bytes  22367.33 bytes/sec
total size is 18032184273  speedup is 537455.94
study3_SP60
/mnt/hcp01/old_data/scrubbed_datasets/study3_SP60
sending incremental file list

sent 6754 bytes  received 13 bytes  13534.00 bytes/sec
total size is 8006436232  speedup is 1183158.89
study3_SP61
/mnt/hcp01/old_data/scrubbed_datasets/study3_SP61
sending incremental file list

sent 26964 bytes  received 14 bytes  53956.00 bytes/sec
total size is 9090684958  speedup is 336966.60
study3_SP63
/mnt/hcp01/old_data/scrubbed_datasets/study3_SP63
sending incremental file list

sent 32916 bytes  received 16 bytes  21954.67 bytes/sec
total size is 17993307665  speedup is 546377.62
study4_SC11
/mnt/hcp01/old_data/scrubbed_datasets/study4_SC11
sending incremental file list

sent 30021 bytes  received 14 bytes  60070.00 bytes/sec
total size is 15636760726  speedup is 520617.97
study4_SC14
/mnt/hcp01/old_data/scrubbed_datasets/study4_SC14
sending incremental file list

sent 31759 bytes  received 14 bytes  21182.00 bytes/sec
total size is 10991409456  speedup is 345935.53
study4_SC15
/mnt/hcp01/old_data/scrubbed_datasets/study4_SC15
sending incremental file list

sent 28957 bytes  received 14 bytes  57942.00 bytes/sec
total size is 15605381690  speedup is 538655.27
study4_SC16
/mnt/hcp01/old_data/scrubbed_datasets/study4_SC16
sending incremental file list

sent 30460 bytes  received 14 bytes  20316.00 bytes/sec
total size is 15653780884  speedup is 513676.61
study4_SC17
/mnt/hcp01/old_data/scrubbed_datasets/study4_SC17
sending incremental file list

sent 29708 bytes  received 14 bytes  59444.00 bytes/sec
total size is 15622197853  speedup is 525610.59
study4_SC18
/mnt/hcp01/old_data/scrubbed_datasets/study4_SC18
sending incremental file list

sent 32839 bytes  received 14 bytes  9386.57 bytes/sec
total size is 17941233892  speedup is 546106.41
study4_SC19
/mnt/hcp01/old_data/scrubbed_datasets/study4_SC19
sending incremental file list

sent 37556 bytes  received 14 bytes  75140.00 bytes/sec
total size is 10149125140  speedup is 270139.08
study4_SC20
/mnt/hcp01/old_data/scrubbed_datasets/study4_SC20
sending incremental file list

sent 33065 bytes  received 14 bytes  22052.67 bytes/sec
total size is 17948527839  speedup is 542595.84
study4_SC21
/mnt/hcp01/old_data/scrubbed_datasets/study4_SC21
sending incremental file list

sent 30583 bytes  received 14 bytes  61194.00 bytes/sec
total size is 17841531400  speedup is 583113.75
study4_SC22
/mnt/hcp01/old_data/scrubbed_datasets/study4_SC22
sending incremental file list

sent 31991 bytes  received 14 bytes  21336.67 bytes/sec
total size is 17899868984  speedup is 559283.52
study4_SC23
/mnt/hcp01/old_data/scrubbed_datasets/study4_SC23
sending incremental file list

sent 32702 bytes  received 14 bytes  65432.00 bytes/sec
total size is 17881627097  speedup is 546571.31
study4_SC24
/mnt/hcp01/old_data/scrubbed_datasets/study4_SC24
sending incremental file list

sent 39931 bytes  received 14 bytes  26630.00 bytes/sec
total size is 18195080220  speedup is 455503.32
study4_SC25
/mnt/hcp01/old_data/scrubbed_datasets/study4_SC25
sending incremental file list

sent 30411 bytes  received 14 bytes  60850.00 bytes/sec
total size is 17836687373  speedup is 586251.02
study4_SC26
/mnt/hcp01/old_data/scrubbed_datasets/study4_SC26
sending incremental file list

sent 29893 bytes  received 14 bytes  19938.00 bytes/sec
total size is 17811201553  speedup is 595552.93
study4_SC28
/mnt/hcp01/old_data/scrubbed_datasets/study4_SC28
sending incremental file list

sent 38740 bytes  received 15 bytes  77510.00 bytes/sec
total size is 39195883180  speedup is 1011376.16
study4_SP12
/mnt/hcp01/old_data/scrubbed_datasets/study4_SP12
sending incremental file list

sent 31408 bytes  received 14 bytes  62844.00 bytes/sec
total size is 15000025858  speedup is 477373.36
study4_SP13
/mnt/hcp01/old_data/scrubbed_datasets/study4_SP13
sending incremental file list

sent 31859 bytes  received 14 bytes  9106.57 bytes/sec
total size is 17899964161  speedup is 561602.74
study4_SP14
/mnt/hcp01/old_data/scrubbed_datasets/study4_SP14
sending incremental file list

sent 25817 bytes  received 14 bytes  51662.00 bytes/sec
total size is 9638933630  speedup is 373153.72
study4_SP15
/mnt/hcp01/old_data/scrubbed_datasets/study4_SP15
sending incremental file list

sent 33964 bytes  received 14 bytes  67956.00 bytes/sec
total size is 9986482657  speedup is 293910.26
study4_SP16
/mnt/hcp01/old_data/scrubbed_datasets/study4_SP16
sending incremental file list

sent 39180 bytes  received 14 bytes  78388.00 bytes/sec
total size is 18218444406  speedup is 464827.38
study4_SP17
/mnt/hcp01/old_data/scrubbed_datasets/study4_SP17
sending incremental file list

sent 46201 bytes  received 15 bytes  92432.00 bytes/sec
total size is 35900741316  speedup is 776803.30
study4_SP18
/mnt/hcp01/old_data/scrubbed_datasets/study4_SP18
sending incremental file list

sent 30778 bytes  received 14 bytes  61584.00 bytes/sec
total size is 15668435290  speedup is 508847.60
study4_SP19
/mnt/hcp01/old_data/scrubbed_datasets/study4_SP19
sending incremental file list

sent 34284 bytes  received 14 bytes  68596.00 bytes/sec
total size is 15777727487  speedup is 460018.88
study4_SP20
/mnt/hcp01/old_data/scrubbed_datasets/study4_SP20
sending incremental file list

sent 31232 bytes  received 14 bytes  20830.67 bytes/sec
total size is 15687898899  speedup is 502077.03
study4_SP21
/mnt/hcp01/old_data/scrubbed_datasets/study4_SP21
sending incremental file list

sent 29496 bytes  received 14 bytes  59020.00 bytes/sec
total size is 12048414745  speedup is 408282.44
study4_SP22
/mnt/hcp01/old_data/scrubbed_datasets/study4_SP22
sending incremental file list

sent 25698 bytes  received 14 bytes  51424.00 bytes/sec
total size is 8740746546  speedup is 339948.14
study4_SP23
/mnt/hcp01/old_data/scrubbed_datasets/study4_SP23
sending incremental file list

sent 36548 bytes  received 14 bytes  73124.00 bytes/sec
total size is 16066903144  speedup is 439442.68
study4_SP24
/mnt/hcp01/old_data/scrubbed_datasets/study4_SP24
sending incremental file list

sent 34514 bytes  received 14 bytes  69056.00 bytes/sec
total size is 15834037449  speedup is 458585.42
study4_SP25
/mnt/hcp01/old_data/scrubbed_datasets/study4_SP25
sending incremental file list

sent 30022 bytes  received 14 bytes  60072.00 bytes/sec
total size is 15635634876  speedup is 520563.15
study4_SP26
/mnt/hcp01/old_data/scrubbed_datasets/study4_SP26
sending incremental file list

sent 25229 bytes  received 14 bytes  50486.00 bytes/sec
total size is 8704135397  speedup is 344813.83
study5_SC17
/mnt/hcp01/old_data/scrubbed_datasets/study5_SC17
sending incremental file list

sent 26751 bytes  received 14 bytes  53530.00 bytes/sec
total size is 10758966212  speedup is 401978.94
study5_SC18
/mnt/hcp01/old_data/scrubbed_datasets/study5_SC18
sending incremental file list

sent 26558 bytes  received 14 bytes  53144.00 bytes/sec
total size is 10751683817  speedup is 404624.56
study5_SC19
/mnt/hcp01/old_data/scrubbed_datasets/study5_SC19
sending incremental file list

sent 29309 bytes  received 14 bytes  58646.00 bytes/sec
total size is 10873218786  speedup is 370808.54
